
> start
> npm run build && node server.js


> build
> vite build

vite v8.0.12 building client environment for production...
[2Ktransforming...✓ 59 modules transformed.
rendering chunks...
computing gzip size...
dist/index.html                   0.62 kB │ gzip:   0.37 kB
dist/assets/index-CGn8V_IV.css   51.37 kB │ gzip:   9.46 kB
dist/assets/index-Bhfp9F41.js   597.50 kB │ gzip: 172.07 kB

✓ built in 1.08s
[plugin builtin:vite-reporter] 
(!) Some chunks are larger than 500 kB after minification. Consider:
- Using dynamic import() to code-split the application
- Use build.rolldownOptions.output.codeSplitting to improve chunking: https://rolldown.rs/reference/OutputOptions.codeSplitting
- Adjust chunk size limit for this warning via build.chunkSizeWarningLimit.
✅  OCR server running at http://localhost:3001
   POST http://localhost:3001/api/ocr/passport
   POST http://localhost:3001/api/ocr/idcard
   POST http://localhost:3001/api/ocr/contract-address
   POST http://localhost:3001/api/ocr/provider-idcard
   POST http://localhost:3001/api/ocr/provider-contract
   POST http://localhost:3001/api/ocr/school-certificate
   POST http://localhost:3001/api/generate/application
   GET  http://localhost:3001/api/health
✅ [Cleanup] Scrubbed personal data for packages older than 14 days.
✅ [Cleanup] Scrubbed personal data for packages older than 14 days.
✅ [Cleanup] Scrubbed personal data for packages older than 14 days.
✅ [Cleanup] Scrubbed personal data for packages older than 14 days.
✅ [Cleanup] Scrubbed personal data for packages older than 14 days.
