
> dev
> vite --host 127.0.0.1


  VITE v8.0.12  ready in 442 ms

  ➜  Local:   http://127.0.0.1:5173/
3:26:05 PM [vite] (client) hmr update /src/ImmigrationMVP.jsx, /src/styles.css
3:26:07 PM [vite] (client) hmr invalidate /src/ImmigrationMVP.jsx Could not Fast Refresh ("formatDateTime" export is incompatible). Learn more at https://github.com/vitejs/vite-plugin-react/tree/main/packages/plugin-react#consistent-components-exports
3:26:07 PM [vite] (client) hmr update /src/App.jsx
3:30:27 PM [vite] (client) hmr update /src/ImmigrationMVP.jsx, /src/styles.css
3:30:27 PM [vite] (client) hmr invalidate /src/ImmigrationMVP.jsx Could not Fast Refresh ("formatDateTime" export is incompatible). Learn more at https://github.com/vitejs/vite-plugin-react/tree/main/packages/plugin-react#consistent-components-exports
3:30:27 PM [vite] (client) hmr update /src/App.jsx
3:36:15 PM [vite] (client) hmr update /src/ImmigrationMVP.jsx, /src/styles.css
3:36:16 PM [vite] (client) hmr invalidate /src/ImmigrationMVP.jsx Could not Fast Refresh ("formatDateTime" export is incompatible). Learn more at https://github.com/vitejs/vite-plugin-react/tree/main/packages/plugin-react#consistent-components-exports
3:36:16 PM [vite] (client) hmr update /src/App.jsx
3:36:24 PM [vite] (client) hmr update /src/ImmigrationMVP.jsx, /src/styles.css
3:36:24 PM [vite] (client) hmr invalidate /src/ImmigrationMVP.jsx Could not Fast Refresh ("formatDateTime" export is incompatible). Learn more at https://github.com/vitejs/vite-plugin-react/tree/main/packages/plugin-react#consistent-components-exports
3:36:24 PM [vite] (client) hmr update /src/App.jsx
4:31:40 PM [vite] (client) hmr update /src/ImmigrationMVP.jsx, /src/styles.css
4:31:40 PM [vite] Internal server error: Transform failed with 1 error:

[31m[PARSE_ERROR] Error:[0m Expected `}` but found `EOF`
      [38;5;246m╭[0m[38;5;246m─[0m[38;5;246m[[0m src/ImmigrationMVP.jsx:5043:2 [38;5;246m][0m
      [38;5;246m│[0m
 [38;5;246m 191 │[0m [38;5;249me[0m[38;5;249mx[0m[38;5;249mp[0m[38;5;249mo[0m[38;5;249mr[0m[38;5;249mt[0m[38;5;249m [0m[38;5;249md[0m[38;5;249me[0m[38;5;249mf[0m[38;5;249ma[0m[38;5;249mu[0m[38;5;249ml[0m[38;5;249mt[0m[38;5;249m [0m[38;5;249mf[0m[38;5;249mu[0m[38;5;249mn[0m[38;5;249mc[0m[38;5;249mt[0m[38;5;249mi[0m[38;5;249mo[0m[38;5;249mn[0m[38;5;249m [0m[38;5;249mI[0m[38;5;249mm[0m[38;5;249mm[0m[38;5;249mi[0m[38;5;249mg[0m[38;5;249mr[0m[38;5;249ma[0m[38;5;249mt[0m[38;5;249mi[0m[38;5;249mo[0m[38;5;249mn[0m[38;5;249mM[0m[38;5;249mV[0m[38;5;249mP[0m[38;5;249m([0m[38;5;249m)[0m[38;5;249m [0m{
 [38;5;240m     │[0m                                          ┬  
 [38;5;240m     │[0m                                          ╰── Opened here
 [38;5;240m     │[0m 
 [38;5;246m5043 │[0m [38;5;249m}[0m
 [38;5;240m     │[0m  │ 
 [38;5;240m     │[0m  ╰─ `}` expected
[38;5;246m──────╯[0m

  Plugin: vite:oxc
  File: /Users/macvalera/Documents/HIkoreaFORMS/src/ImmigrationMVP.jsx
      at transformWithOxc (file:///Users/macvalera/Documents/HIkoreaFORMS/node_modules/vite/dist/node/chunks/node.js:3340:19)
      at TransformPluginContext.transform (file:///Users/macvalera/Documents/HIkoreaFORMS/node_modules/vite/dist/node/chunks/node.js:3408:26)
      at EnvironmentPluginContainer.transform (file:///Users/macvalera/Documents/HIkoreaFORMS/node_modules/vite/dist/node/chunks/node.js:30193:51)
      at async loadAndTransform (file:///Users/macvalera/Documents/HIkoreaFORMS/node_modules/vite/dist/node/chunks/node.js:24511:26)
      at async viteTransformMiddleware (file:///Users/macvalera/Documents/HIkoreaFORMS/node_modules/vite/dist/node/chunks/node.js:24305:20)
4:31:42 PM [vite] (client) [console.error] [vite] Failed to reload /src/ImmigrationMVP.jsx. This could be due to syntax errors or importing non-existent modules. (see errors above)
4:31:52 PM [vite] (client) hmr update /src/ImmigrationMVP.jsx, /src/styles.css
4:31:54 PM [vite] (client) hmr invalidate /src/ImmigrationMVP.jsx Could not Fast Refresh ("formatDateTime" export is incompatible). Learn more at https://github.com/vitejs/vite-plugin-react/tree/main/packages/plugin-react#consistent-components-exports
4:31:54 PM [vite] (client) hmr update /src/App.jsx
11:33:10 PM [vite] (client) hmr update /src/ImmigrationMVP.jsx, /src/styles.css
11:33:20 PM [vite] (client) hmr update /src/ImmigrationMVP.jsx, /src/styles.css
11:33:54 PM [vite] (client) hmr update /src/ImmigrationMVP.jsx, /src/styles.css
9:59:22 AM [vite] (client) hmr update /src/ImmigrationMVP.jsx, /src/styles.css
12:36:27 PM [vite] (client) hmr update /src/ImmigrationMVP.jsx, /src/styles.css
12:43:21 PM [vite] (client) hmr update /src/ImmigrationMVP.jsx, /src/styles.css
12:43:30 PM [vite] (client) hmr update /src/ImmigrationMVP.jsx, /src/styles.css
12:43:39 PM [vite] (client) hmr update /src/ImmigrationMVP.jsx, /src/styles.css
12:43:46 PM [vite] (client) hmr update /src/ImmigrationMVP.jsx, /src/styles.css
12:43:53 PM [vite] (client) hmr update /src/ImmigrationMVP.jsx, /src/styles.css
12:54:48 PM [vite] (client) hmr update /src/ImmigrationMVP.jsx, /src/styles.css
12:54:56 PM [vite] (client) hmr update /src/ImmigrationMVP.jsx, /src/styles.css
12:57:42 PM [vite] (client) hmr update /src/ImmigrationMVP.jsx, /src/styles.css
1:00:41 PM [vite] (client) page reload src/i18n/locales/en.js
1:00:46 PM [vite] (client) page reload src/i18n/locales/ko.js
1:03:05 PM [vite] (client) page reload src/i18n/locales/en.js
1:03:10 PM [vite] (client) page reload src/i18n/locales/ko.js
1:06:01 PM [vite] (client) hmr update /src/ImmigrationMVP.jsx, /src/styles.css
1:16:51 PM [vite] (client) hmr update /src/ImmigrationMVP.jsx, /src/styles.css
1:17:41 PM [vite] (client) hmr update /src/ImmigrationMVP.jsx, /src/styles.css
1:19:45 PM [vite] (client) hmr update /src/ImmigrationMVP.jsx, /src/styles.css
1:24:34 PM [vite] (client) hmr update /src/ImmigrationMVP.jsx, /src/styles.css
1:26:48 PM [vite] (client) hmr update /src/ImmigrationMVP.jsx, /src/styles.css
1:30:19 PM [vite] (client) hmr update /src/ImmigrationMVP.jsx, /src/styles.css
8:29:41 AM [vite] (client) hmr update /src/ImmigrationMVP.jsx, /src/styles.css
8:30:25 AM [vite] (client) hmr update /src/ImmigrationMVP.jsx, /src/styles.css
9:07:27 AM [vite] (client) hmr update /src/ImmigrationMVP.jsx, /src/styles.css
9:49:01 AM [vite] (client) hmr update /src/ImmigrationMVP.jsx, /src/styles.css
9:49:32 AM [vite] (client) hmr update /src/ImmigrationMVP.jsx, /src/styles.css
9:49:39 AM [vite] (client) hmr update /src/ImmigrationMVP.jsx, /src/styles.css
9:49:53 AM [vite] (client) hmr update /src/ImmigrationMVP.jsx, /src/styles.css
9:50:10 AM [vite] (client) hmr update /src/ImmigrationMVP.jsx, /src/styles.css
9:50:18 AM [vite] (client) hmr update /src/ImmigrationMVP.jsx, /src/styles.css
9:54:18 AM [vite] (client) hmr update /src/ImmigrationMVP.jsx, /src/styles.css
11:34:13 AM [vite] (client) hmr update /src/ImmigrationMVP.jsx, /src/styles.css
11:43:43 AM [vite] (client) hmr update /src/ImmigrationMVP.jsx, /src/styles.css
11:54:00 AM [vite] (client) hmr update /src/ImmigrationMVP.jsx, /src/styles.css
10:04:58 PM [vite] (client) page reload src/i18n/locales/ru.js
10:04:58 PM [vite] (client) page reload src/i18n/locales/en.js
10:04:58 PM [vite] (client) page reload src/i18n/locales/ko.js
10:05:59 PM [vite] (client) hmr update /src/ImmigrationMVP.jsx, /src/styles.css
10:26:28 PM [vite] (client) hmr update /src/ImmigrationMVP.jsx, /src/styles.css
10:26:46 PM [vite] (client) hmr update /src/ImmigrationMVP.jsx, /src/styles.css
10:26:55 PM [vite] (client) hmr update /src/ImmigrationMVP.jsx, /src/styles.css
10:27:28 PM [vite] (client) hmr update /src/ImmigrationMVP.jsx, /src/styles.css
10:37:46 PM [vite] (client) hmr update /src/ImmigrationMVP.jsx, /src/styles.css
10:39:24 PM [vite] (client) hmr update /src/ImmigrationMVP.jsx, /src/styles.css
11:00:16 AM [vite] (client) page reload src/i18n/locales/ru.js
11:00:27 AM [vite] (client) hmr update /src/ImmigrationMVP.jsx, /src/styles.css
11:05:12 AM [vite] (client) hmr update /src/ImmigrationMVP.jsx, /src/styles.css
11:05:26 AM [vite] (client) hmr update /src/ImmigrationMVP.jsx, /src/styles.css
11:05:33 AM [vite] (client) hmr update /src/ImmigrationMVP.jsx, /src/styles.css
11:13:38 AM [vite] (client) hmr update /src/ImmigrationMVP.jsx, /src/styles.css
11:14:19 AM [vite] (client) hmr update /src/ImmigrationMVP.jsx, /src/styles.css
11:14:40 AM [vite] (client) hmr update /src/ImmigrationMVP.jsx, /src/styles.css
11:15:00 AM [vite] (client) hmr update /src/ImmigrationMVP.jsx, /src/styles.css
11:15:30 AM [vite] (client) hmr update /src/ImmigrationMVP.jsx, /src/styles.css
11:15:35 AM [vite] (client) hmr update /src/ImmigrationMVP.jsx, /src/styles.css
6:04:39 PM [vite] .env changed, restarting server...
6:04:40 PM [vite] (client) Re-optimizing dependencies because lockfile has changed
6:04:41 PM [vite] server restarted.
7:08:18 PM [vite] .env changed, restarting server...
7:08:19 PM [vite] server restarted.
10:33:48 AM [vite] .env changed, restarting server...
10:33:48 AM [vite] server restarted.
11:20:58 AM [vite] .env changed, restarting server...
11:20:58 AM [vite] (client) page reload index.html
11:20:58 AM [vite] vite.config.js changed, restarting server...
11:20:58 AM [vite] server restarted.
